Abc Jeejee
2012-07-25 18:48:16,457 - JogwheelApp - ERROR - Abc Jeejee
2012-07-25 18:49:27,969 - JogwheelApp - ERROR - Abc Jeeaaaajee
2012-07-25 18:49:40,230 - JogwheelApp - ERROR - Abc Jeeaaaajee
Abc Jeeaaaajee
Abc Jeeaaaajee
Abc Jeeaaaajee
Abc Jeeaaaajee
Abc Jeeaaaajee
Abc Jeeaaaajee
Abc Jeeaaaajee
Abc Jeeaaaajee
Abc Jeeaaaajee
Abc Jeeaaaajee
Abc Jeeaaaajee
Abc Jeeaaaajee
Abc Jeeaaaajee
Abc Jeeaaaajee
Abc Jeeaaaajee
Abc Jeeaaaajee
Abc Jeeaaaajee
Abc Jeeaaaajee
Abc Jeeaaaajee
Abc Jeeaaaajee
2012-07-25 18:54:19,282 - JogwheelApp - ERROR - Abc Jeeaaaajee
2012-07-25 18:55:21,811 - JogwheelApp - ERROR - Abc Jeeaaaajee
2012-07-25 18:55:22,812 - JogwheelApp - ERROR - Result should be 'LOW' or 'HIGH', other values are invalid. Returned value: ''
Traceback (most recent call last):
  File "C:/Users/savpek/Documents/GitHub/UsbIOCard-EMC2Component/userspace_component.py", line 23, in main
    jo.update()
  File "C:\Users\savpek\Documents\GitHub\UsbIOCard-EMC2Component\joystic.py", line 21, in update
    self.x_minus_value = self.connection.read_terminal(self.x_minus_name)
  File "C:\Users\savpek\Documents\GitHub\UsbIOCard-EMC2Component\iocard.py", line 35, in read_terminal
    raise ValueError("Result should be 'LOW' or 'HIGH', other values are invalid. Returned value: '" + result + "'")
ValueError: Result should be 'LOW' or 'HIGH', other values are invalid. Returned value: ''
2012-07-25 18:55:54,642 - JogwheelApp - ERROR - Result should be 'LOW' or 'HIGH', other values are invalid. Returned value: ''
Traceback (most recent call last):
  File "C:/Users/savpek/Documents/GitHub/UsbIOCard-EMC2Component/userspace_component.py", line 21, in main
    jo.update()
  File "C:\Users\savpek\Documents\GitHub\UsbIOCard-EMC2Component\joystic.py", line 21, in update
    self.x_minus_value = self.connection.read_terminal(self.x_minus_name)
  File "C:\Users\savpek\Documents\GitHub\UsbIOCard-EMC2Component\iocard.py", line 35, in read_terminal
    raise ValueError("Result should be 'LOW' or 'HIGH', other values are invalid. Returned value: '" + result + "'")
ValueError: Result should be 'LOW' or 'HIGH', other values are invalid. Returned value: ''
2012-07-25 18:56:15,867 - JogwheelApp - ERROR - Result should be 'LOW' or 'HIGH', other values are invalid. Returned value: ''
Traceback (most recent call last):
  File "C:/Users/savpek/Documents/GitHub/UsbIOCard-EMC2Component/userspace_component.py", line 20, in main
    jo.update()
  File "C:\Users\savpek\Documents\GitHub\UsbIOCard-EMC2Component\joystic.py", line 21, in update
    self.x_minus_value = self.connection.read_terminal(self.x_minus_name)
  File "C:\Users\savpek\Documents\GitHub\UsbIOCard-EMC2Component\iocard.py", line 35, in read_terminal
    raise ValueError("Result should be 'LOW' or 'HIGH', other values are invalid. Returned value: '" + result + "'")
ValueError: Result should be 'LOW' or 'HIGH', other values are invalid. Returned value: ''
